GET, HTTP 200, https://vottstuartpa.canlab.ibm.com:12354/api/v1/Configuration
GET, HTTP 200, https://vottstuartpa.canlab.ibm.com:12354/api/v1/Contents('Applications')?$expand=tm1.Folder/Contents($expand=tm1.Folder/Contents($expand=tm1.Folder/Contents($expand=tm1.Folder/Contents($expand=tm1.Folder/Contents))))
GET, HTTP 200, https://vottstuartpa.canlab.ibm.com:12354/api/v1/Cubes
GET, HTTP 200, https://vottstuartpa.canlab.ibm.com:12354/api/v1/Dimensions
GET, HTTP 200, https://vottstuartpa.canlab.ibm.com:12354/api/v1/Processes
GET, HTTP 200, https://vottstuartpa.canlab.ibm.com:12354/api/v1/Chores?$select=Name,Active
GET, HTTP 200, https://vottstuartpa.canlab.ibm.com:12354/api/v1/Contents('Blobs')/Contents
GET, HTTP 200, https://vottstuartpa.canlab.ibm.com:12354/api/v1/Configuration
GET, HTTP 200, https://vottstuartpa.canlab.ibm.com:12354/api/v1/Contents('Applications')?$expand=tm1.Folder/Contents($expand=tm1.Folder/Contents($expand=tm1.Folder/Contents($expand=tm1.Folder/Contents($expand=tm1.Folder/Contents))))
GET, HTTP 200, https://vottstuartpa.canlab.ibm.com:12354/api/v1/Cubes
GET, HTTP 200, https://vottstuartpa.canlab.ibm.com:12354/api/v1/Dimensions
GET, HTTP 200, https://vottstuartpa.canlab.ibm.com:12354/api/v1/Processes
GET, HTTP 200, https://vottstuartpa.canlab.ibm.com:12354/api/v1/Chores?$select=Name,Active
GET, HTTP 200, https://vottstuartpa.canlab.ibm.com:12354/api/v1/Contents('Blobs')/Contents
GET, HTTP 200, https://vottstuartpa.canlab.ibm.com:12354/api/v1/Configuration
GET, HTTP 200, https://vottstuartpa.canlab.ibm.com:12354/api/v1/Contents('Applications')?$expand=tm1.Folder/Contents($expand=tm1.Folder/Contents($expand=tm1.Folder/Contents($expand=tm1.Folder/Contents($expand=tm1.Folder/Contents))))
GET, HTTP 200, https://vottstuartpa.canlab.ibm.com:12354/api/v1/Cubes
GET, HTTP 200, https://vottstuartpa.canlab.ibm.com:12354/api/v1/Dimensions
GET, HTTP 200, https://vottstuartpa.canlab.ibm.com:12354/api/v1/Processes
GET, HTTP 200, https://vottstuartpa.canlab.ibm.com:12354/api/v1/Chores?$select=Name,Active
GET, HTTP 200, https://vottstuartpa.canlab.ibm.com:12354/api/v1/Contents('Blobs')/Contents
GET, HTTP 200, https://vottstuartpa.canlab.ibm.com:12354/api/v1/Configuration
GET, HTTP 200, https://vottstuartpa.canlab.ibm.com:12354/api/v1/Contents('Applications')?$expand=tm1.Folder/Contents($expand=tm1.Folder/Contents($expand=tm1.Folder/Contents($expand=tm1.Folder/Contents($expand=tm1.Folder/Contents))))
GET, HTTP 200, https://vottstuartpa.canlab.ibm.com:12354/api/v1/Cubes
GET, HTTP 200, https://vottstuartpa.canlab.ibm.com:12354/api/v1/Dimensions
GET, HTTP 200, https://vottstuartpa.canlab.ibm.com:12354/api/v1/Processes
GET, HTTP 200, https://vottstuartpa.canlab.ibm.com:12354/api/v1/Chores?$select=Name,Active
GET, HTTP 200, https://vottstuartpa.canlab.ibm.com:12354/api/v1/Contents('Blobs')/Contents
GET, HTTP 401, https://vottstuartpa.canlab.ibm.com:12354/api/v1/Configuration
GET, HTTP 401, https://vottstuartpa.canlab.ibm.com:12354/api/v1/Contents('Applications')?$expand=tm1.Folder/Contents($expand=tm1.Folder/Contents($expand=tm1.Folder/Contents($expand=tm1.Folder/Contents($expand=tm1.Folder/Contents))))
GET, HTTP 200, https://vottstuartpa.canlab.ibm.com:12354/api/v1/Configuration
GET, HTTP 200, https://vottstuartpa.canlab.ibm.com:12354/api/v1/Contents('Applications')?$expand=tm1.Folder/Contents($expand=tm1.Folder/Contents($expand=tm1.Folder/Contents($expand=tm1.Folder/Contents($expand=tm1.Folder/Contents))))
GET, HTTP 200, https://vottstuartpa.canlab.ibm.com:12354/api/v1/Cubes
GET, HTTP 200, https://vottstuartpa.canlab.ibm.com:12354/api/v1/Dimensions
GET, HTTP 200, https://vottstuartpa.canlab.ibm.com:12354/api/v1/Processes
GET, HTTP 200, https://vottstuartpa.canlab.ibm.com:12354/api/v1/Chores?$select=Name,Active
GET, HTTP 200, https://vottstuartpa.canlab.ibm.com:12354/api/v1/Contents('Blobs')/Contents
GET, HTTP 200, https://vottstuartpa.canlab.ibm.com:12354/api/v1/Configuration
GET, HTTP 200, https://vottstuartpa.canlab.ibm.com:12354/api/v1/Contents('Applications')?$expand=tm1.Folder/Contents($expand=tm1.Folder/Contents($expand=tm1.Folder/Contents($expand=tm1.Folder/Contents($expand=tm1.Folder/Contents))))
GET, HTTP 200, https://vottstuartpa.canlab.ibm.com:12354/api/v1/Cubes
GET, HTTP 200, https://vottstuartpa.canlab.ibm.com:12354/api/v1/Dimensions
GET, HTTP 200, https://vottstuartpa.canlab.ibm.com:12354/api/v1/Processes
GET, HTTP 200, https://vottstuartpa.canlab.ibm.com:12354/api/v1/Chores?$select=Name,Active
GET, HTTP 200, https://vottstuartpa.canlab.ibm.com:12354/api/v1/Contents('Blobs')/Contents
GET, HTTP 401, https://vottstuartpa.canlab.ibm.com:12354/api/v1/Configuration
GET, HTTP 401, https://vottstuartpa.canlab.ibm.com:12354/api/v1/Configuration
GET, HTTP 200, https://vottstuartpa.canlab.ibm.com:12354/api/v1/Configuration
GET, HTTP 200, https://vottstuartpa.canlab.ibm.com:12354/api/v1/Contents('Applications')?$expand=tm1.Folder/Contents($expand=tm1.Folder/Contents($expand=tm1.Folder/Contents($expand=tm1.Folder/Contents($expand=tm1.Folder/Contents))))
GET, HTTP 200, https://vottstuartpa.canlab.ibm.com:12354/api/v1/Cubes
GET, HTTP 200, https://vottstuartpa.canlab.ibm.com:12354/api/v1/Dimensions
GET, HTTP 200, https://vottstuartpa.canlab.ibm.com:12354/api/v1/Processes
GET, HTTP 200, https://vottstuartpa.canlab.ibm.com:12354/api/v1/Chores?$select=Name,Active
GET, HTTP 200, https://vottstuartpa.canlab.ibm.com:12354/api/v1/Contents('Blobs')/Contents
GET, HTTP 401, https://vottstuartpa.canlab.ibm.com:12354/api/v1/Configuration
GET, HTTP 401, https://vottstuartpa.canlab.ibm.com:12354/api/v1/Contents('Applications')?$expand=tm1.Folder/Contents($expand=tm1.Folder/Contents($expand=tm1.Folder/Contents($expand=tm1.Folder/Contents($expand=tm1.Folder/Contents))))
GET, HTTP 401, https://vottstuartpa.canlab.ibm.com:12354/api/v1/Configuration
GET, HTTP 401, https://vottstuartpa.canlab.ibm.com:12354/api/v1/Contents('Applications')?$expand=tm1.Folder/Contents($expand=tm1.Folder/Contents($expand=tm1.Folder/Contents($expand=tm1.Folder/Contents($expand=tm1.Folder/Contents))))
GET, HTTP 401, https://vottstuartpa.canlab.ibm.com:12354/api/v1/Configuration
GET, HTTP 401, https://vottstuartpa.canlab.ibm.com:12354/api/v1/Contents('Applications')?$expand=tm1.Folder/Contents($expand=tm1.Folder/Contents($expand=tm1.Folder/Contents($expand=tm1.Folder/Contents($expand=tm1.Folder/Contents))))
GET, HTTP 200, https://vottstuartpa.canlab.ibm.com:12354/api/v1/Configuration
GET, HTTP 200, https://vottstuartpa.canlab.ibm.com:12354/api/v1/Contents('Applications')?$expand=tm1.Folder/Contents($expand=tm1.Folder/Contents($expand=tm1.Folder/Contents($expand=tm1.Folder/Contents($expand=tm1.Folder/Contents))))
GET, HTTP 200, https://vottstuartpa.canlab.ibm.com:12354/api/v1/Cubes
GET, HTTP 200, https://vottstuartpa.canlab.ibm.com:12354/api/v1/Dimensions
GET, HTTP 200, https://vottstuartpa.canlab.ibm.com:12354/api/v1/Processes
GET, HTTP 200, https://vottstuartpa.canlab.ibm.com:12354/api/v1/Chores?$select=Name,Active
GET, HTTP 200, https://vottstuartpa.canlab.ibm.com:12354/api/v1/Contents('Blobs')/Contents
GET, HTTP 200, https://vottstuartpa.canlab.ibm.com:12354/api/v1/Cubes('plan_Control')?$select=Views,PrivateViews&$expand=Views($select=Name),PrivateViews($select=Name)
GET, HTTP 200, https://vottstuartpa.canlab.ibm.com:12354/api/v1/Cubes('plan_Control')/Dimensions
GET, HTTP 200, https://vottstuartpa.canlab.ibm.com:12354/api/v1/Cubes('plan_Control')?$select=Rules
GET, HTTP 404, https://vottstuartpa.canlab.ibm.com:12354/api/v1/Cubes('%7DCellSecurity_plan_Control')
GET, HTTP 200, https://vottstuartpa.canlab.ibm.com:12354/api/v1/Cubes('plan_Control')?$select=Views,PrivateViews&$expand=Views($select=Name),PrivateViews($select=Name)
GET, HTTP 200, https://vottstuartpa.canlab.ibm.com:12354/api/v1/Cubes('plan_Control')/Dimensions
GET, HTTP 200, https://vottstuartpa.canlab.ibm.com:12354/api/v1/Cubes('plan_Control')?$select=Rules
GET, HTTP 404, https://vottstuartpa.canlab.ibm.com:12354/api/v1/Cubes('%7DCellSecurity_plan_Control')
GET, HTTP 200, https://vottstuartpa.canlab.ibm.com:12354/api/v1/Cubes('sk_SaleCube')?$select=Views,PrivateViews&$expand=Views($select=Name),PrivateViews($select=Name)
GET, HTTP 200, https://vottstuartpa.canlab.ibm.com:12354/api/v1/Cubes('sk_SaleCube')/Dimensions
GET, HTTP 200, https://vottstuartpa.canlab.ibm.com:12354/api/v1/Cubes('sk_SaleCube')?$select=Rules
GET, HTTP 404, https://vottstuartpa.canlab.ibm.com:12354/api/v1/Cubes('%7DCellSecurity_sk_SaleCube')
GET, HTTP 200, https://vottstuartpa.canlab.ibm.com:12354/api/v1/Cubes('plan_BudgetPlan')?$select=Views,PrivateViews&$expand=Views($select=Name),PrivateViews($select=Name)
GET, HTTP 200, https://vottstuartpa.canlab.ibm.com:12354/api/v1/Cubes('plan_BudgetPlan')/Dimensions
GET, HTTP 200, https://vottstuartpa.canlab.ibm.com:12354/api/v1/Cubes('plan_BudgetPlan')?$select=Rules
GET, HTTP 200, https://vottstuartpa.canlab.ibm.com:12354/api/v1/Cubes('%7DCellSecurity_plan_BudgetPlan')
GET, HTTP 200, https://vottstuartpa.canlab.ibm.com:12354/api/v1/Dimensions('diag.dummy.dim12')/Hierarchies
GET, HTTP 200, https://vottstuartpa.canlab.ibm.com:12354/api/v1/Dimensions('diag.dummy.dim12')/Hierarchies('diag.dummy.dim12')?$select=Subsets,PrivateSubsets&$expand=Subsets($select=Name,UniqueName,Alias),PrivateSubsets($select=Name,UniqueName,Alias)
GET, HTTP 404, https://vottstuartpa.canlab.ibm.com:12354/api/v1/Cubes('%7DElementAttributes_diag.dummy.dim12')
GET, HTTP 404, https://vottstuartpa.canlab.ibm.com:12354/api/v1/Cubes('%7DElementSecurity_diag.dummy.dim12')
GET, HTTP 200, https://vottstuartpa.canlab.ibm.com:12354/api/v1/Dimensions('plan_department')/Hierarchies
GET, HTTP 200, https://vottstuartpa.canlab.ibm.com:12354/api/v1/Dimensions('plan_department')/Hierarchies('plan_department')?$select=Subsets,PrivateSubsets&$expand=Subsets($select=Name,UniqueName,Alias),PrivateSubsets($select=Name,UniqueName,Alias)
GET, HTTP 200, https://vottstuartpa.canlab.ibm.com:12354/api/v1/Cubes('%7DElementAttributes_plan_department')
GET, HTTP 200, https://vottstuartpa.canlab.ibm.com:12354/api/v1/Cubes('%7DElementSecurity_plan_department')
GET, HTTP 200, https://vottstuartpa.canlab.ibm.com:12354/api/v1/Configuration
GET, HTTP 200, https://vottstuartpa.canlab.ibm.com:12354/api/v1/Contents('Applications')?$expand=tm1.Folder/Contents($expand=tm1.Folder/Contents($expand=tm1.Folder/Contents($expand=tm1.Folder/Contents($expand=tm1.Folder/Contents))))
GET, HTTP 200, https://vottstuartpa.canlab.ibm.com:12354/api/v1/Cubes
GET, HTTP 200, https://vottstuartpa.canlab.ibm.com:12354/api/v1/Dimensions
GET, HTTP 200, https://vottstuartpa.canlab.ibm.com:12354/api/v1/Processes
GET, HTTP 200, https://vottstuartpa.canlab.ibm.com:12354/api/v1/Chores?$select=Name,Active
GET, HTTP 200, https://vottstuartpa.canlab.ibm.com:12354/api/v1/Contents('Blobs')/Contents
GET, HTTP 200, https://vottstuartpa.canlab.ibm.com:12354/api/v1/Cubes('plan_BudgetPlan')?$select=Views,PrivateViews&$expand=Views($select=Name),PrivateViews($select=Name)
GET, HTTP 200, https://vottstuartpa.canlab.ibm.com:12354/api/v1/Cubes('plan_BudgetPlan')/Dimensions
GET, HTTP 200, https://vottstuartpa.canlab.ibm.com:12354/api/v1/Cubes('plan_BudgetPlan')?$select=Rules
GET, HTTP 200, https://vottstuartpa.canlab.ibm.com:12354/api/v1/Cubes('%7DCellSecurity_plan_BudgetPlan')
GET, HTTP 200, https://vottstuartpa.canlab.ibm.com:12354/api/v1/Cubes('plan_Report')?$select=Views,PrivateViews&$expand=Views($select=Name),PrivateViews($select=Name)
GET, HTTP 200, https://vottstuartpa.canlab.ibm.com:12354/api/v1/Cubes('plan_Report')/Dimensions
GET, HTTP 200, https://vottstuartpa.canlab.ibm.com:12354/api/v1/Cubes('plan_Report')?$select=Rules
GET, HTTP 404, https://vottstuartpa.canlab.ibm.com:12354/api/v1/Cubes('%7DCellSecurity_plan_Report')
GET, HTTP 200, https://vottstuartpa.canlab.ibm.com:12354/api/v1/Cubes('plan_ExchangeRate')?$select=Views,PrivateViews&$expand=Views($select=Name),PrivateViews($select=Name)
GET, HTTP 200, https://vottstuartpa.canlab.ibm.com:12354/api/v1/Cubes('plan_ExchangeRate')/Dimensions
GET, HTTP 200, https://vottstuartpa.canlab.ibm.com:12354/api/v1/Cubes('plan_ExchangeRate')?$select=Rules
GET, HTTP 404, https://vottstuartpa.canlab.ibm.com:12354/api/v1/Cubes('%7DCellSecurity_plan_ExchangeRate')
GET, HTTP 200, https://vottstuartpa.canlab.ibm.com:12354/api/v1/Cubes('plan_Control')?$select=Views,PrivateViews&$expand=Views($select=Name),PrivateViews($select=Name)
GET, HTTP 200, https://vottstuartpa.canlab.ibm.com:12354/api/v1/Cubes('plan_Control')/Dimensions
GET, HTTP 200, https://vottstuartpa.canlab.ibm.com:12354/api/v1/Cubes('plan_Control')?$select=Rules
GET, HTTP 404, https://vottstuartpa.canlab.ibm.com:12354/api/v1/Cubes('%7DCellSecurity_plan_Control')
GET, HTTP 200, https://vottstuartpa.canlab.ibm.com:12354/api/v1/Cubes('plan_BudgetPlanLineItem')?$select=Views,PrivateViews&$expand=Views($select=Name),PrivateViews($select=Name)
GET, HTTP 200, https://vottstuartpa.canlab.ibm.com:12354/api/v1/Cubes('plan_BudgetPlanLineItem')/Dimensions
GET, HTTP 200, https://vottstuartpa.canlab.ibm.com:12354/api/v1/Cubes('plan_BudgetPlanLineItem')?$select=Rules
GET, HTTP 404, https://vottstuartpa.canlab.ibm.com:12354/api/v1/Cubes('%7DCellSecurity_plan_BudgetPlanLineItem')
GET, HTTP 200, https://vottstuartpa.canlab.ibm.com:12354/api/v1/Dimensions('plan_lines')/Hierarchies
GET, HTTP 200, https://vottstuartpa.canlab.ibm.com:12354/api/v1/Dimensions('plan_lines')/Hierarchies('plan_lines')?$select=Subsets,PrivateSubsets&$expand=Subsets($select=Name,UniqueName,Alias),PrivateSubsets($select=Name,UniqueName,Alias)
GET, HTTP 200, https://vottstuartpa.canlab.ibm.com:12354/api/v1/Cubes('%7DElementAttributes_plan_lines')
GET, HTTP 404, https://vottstuartpa.canlab.ibm.com:12354/api/v1/Cubes('%7DElementSecurity_plan_lines')
GET, HTTP 200, https://vottstuartpa.canlab.ibm.com:12354/api/v1/Dimensions('plan_format_template')/Hierarchies
GET, HTTP 200, https://vottstuartpa.canlab.ibm.com:12354/api/v1/Dimensions('plan_format_template')/Hierarchies('plan_format_template')?$select=Subsets,PrivateSubsets&$expand=Subsets($select=Name,UniqueName,Alias),PrivateSubsets($select=Name,UniqueName,Alias)
GET, HTTP 200, https://vottstuartpa.canlab.ibm.com:12354/api/v1/Cubes('%7DElementAttributes_plan_format_template')
GET, HTTP 404, https://vottstuartpa.canlab.ibm.com:12354/api/v1/Cubes('%7DElementSecurity_plan_format_template')
GET, HTTP 200, https://vottstuartpa.canlab.ibm.com:12354/api/v1/Dimensions('plan_department2')/Hierarchies
GET, HTTP 404, https://vottstuartpa.canlab.ibm.com:12354/api/v1/Cubes('%7DElementAttributes_plan_department2')
GET, HTTP 404, https://vottstuartpa.canlab.ibm.com:12354/api/v1/Cubes('%7DElementSecurity_plan_department2')
GET, HTTP 200, https://vottstuartpa.canlab.ibm.com:12354/api/v1/Dimensions('plan_department')/Hierarchies
GET, HTTP 200, https://vottstuartpa.canlab.ibm.com:12354/api/v1/Dimensions('plan_department')/Hierarchies('plan_department')?$select=Subsets,PrivateSubsets&$expand=Subsets($select=Name,UniqueName,Alias),PrivateSubsets($select=Name,UniqueName,Alias)
GET, HTTP 200, https://vottstuartpa.canlab.ibm.com:12354/api/v1/Cubes('%7DElementAttributes_plan_department')
GET, HTTP 200, https://vottstuartpa.canlab.ibm.com:12354/api/v1/Cubes('%7DElementSecurity_plan_department')
GET, HTTP 404, https://vottstuartpa.canlab.ibm.com:12354/api/v1/Cubes('%7DElementAttributes_plan_department2')
GET, HTTP 404, https://vottstuartpa.canlab.ibm.com:12354/api/v1/Cubes('%7DElementSecurity_plan_department2')
DELETE, HTTP 204, https://vottstuartpa.canlab.ibm.com:12354/api/v1/Dimensions('plan_department2')
GET, HTTP 200, https://vottstuartpa.canlab.ibm.com:12354/api/v1/Dimensions
GET, HTTP 200, https://vottstuartpa.canlab.ibm.com:12354/api/v1/Dimensions('plan_department')/Hierarchies
GET, HTTP 200, https://vottstuartpa.canlab.ibm.com:12354/api/v1/Dimensions('plan_department')/Hierarchies('plan_department')?$select=Subsets,PrivateSubsets&$expand=Subsets($select=Name,UniqueName,Alias),PrivateSubsets($select=Name,UniqueName,Alias)
GET, HTTP 200, https://vottstuartpa.canlab.ibm.com:12354/api/v1/Cubes('%7DElementAttributes_plan_department')
GET, HTTP 200, https://vottstuartpa.canlab.ibm.com:12354/api/v1/Cubes('%7DElementSecurity_plan_department')
GET, HTTP 200, https://vottstuartpa.canlab.ibm.com:12354/api/v1/Dimensions('plan_format_template')/Hierarchies
GET, HTTP 200, https://vottstuartpa.canlab.ibm.com:12354/api/v1/Dimensions('plan_format_template')/Hierarchies('plan_format_template')?$select=Subsets,PrivateSubsets&$expand=Subsets($select=Name,UniqueName,Alias),PrivateSubsets($select=Name,UniqueName,Alias)
GET, HTTP 200, https://vottstuartpa.canlab.ibm.com:12354/api/v1/Cubes('%7DElementAttributes_plan_format_template')
GET, HTTP 404, https://vottstuartpa.canlab.ibm.com:12354/api/v1/Cubes('%7DElementSecurity_plan_format_template')
GET, HTTP 200, https://vottstuartpa.canlab.ibm.com:12354/api/v1/Dimensions('plan_lines')/Hierarchies
GET, HTTP 200, https://vottstuartpa.canlab.ibm.com:12354/api/v1/Dimensions('plan_lines')/Hierarchies('plan_lines')?$select=Subsets,PrivateSubsets&$expand=Subsets($select=Name,UniqueName,Alias),PrivateSubsets($select=Name,UniqueName,Alias)
GET, HTTP 200, https://vottstuartpa.canlab.ibm.com:12354/api/v1/Cubes('%7DElementAttributes_plan_lines')
GET, HTTP 404, https://vottstuartpa.canlab.ibm.com:12354/api/v1/Cubes('%7DElementSecurity_plan_lines')
GET, HTTP 200, https://vottstuartpa.canlab.ibm.com:12354/api/v1/Cubes('%7DCellSecurity_plan_BudgetPlan')?$select=Views,PrivateViews&$expand=Views($select=Name),PrivateViews($select=Name)
GET, HTTP 200, https://vottstuartpa.canlab.ibm.com:12354/api/v1/Cubes('%7DCellSecurity_plan_BudgetPlan')/Dimensions
GET, HTTP 200, https://vottstuartpa.canlab.ibm.com:12354/api/v1/Cubes('%7DCellSecurity_plan_BudgetPlan')?$select=Rules
GET, HTTP 404, https://vottstuartpa.canlab.ibm.com:12354/api/v1/Cubes('%7DCellSecurity_%7DCellSecurity_plan_BudgetPlan')
GET, HTTP 200, https://vottstuartpa.canlab.ibm.com:12354/api/v1/Sandboxes
GET, HTTP 200, https://vottstuartpa.canlab.ibm.com:12354/api/v1/Cubes('%7DCellSecurity_plan_BudgetPlan')/Views('CellSecurity_plan_BudgetPlan')/tm1.NativeView
GET, HTTP 200, https://vottstuartpa.canlab.ibm.com:12354/api/v1/Cubes('%7DCellSecurity_plan_BudgetPlan')/Views('CellSecurity_plan_BudgetPlan')?$expand=tm1.NativeView/Rows/Subset($select=Name;$expand=Hierarchy($expand=Dimension)),tm1.NativeView/Columns/Subset($select=Name;$expand=Hierarchy($expand=Dimension)),tm1.NativeView/Titles/Subset($select=Name;$expand=Hierarchy($expand=Dimension)),tm1.NativeView/Titles/Selected($select=Name;$expand=Hierarchy($expand=Dimension))
POST, HTTP 201, https://vottstuartpa.canlab.ibm.com:12354/api/v1/Cubes('%7DCellSecurity_plan_BudgetPlan')/Views('CellSecurity_plan_BudgetPlan')/tm1.Execute?$expand=Axes($select=Ordinal;$expand=Hierarchies($select=Name),Tuples($count;$expand=Members($select=Name;$expand=Element($select=Name,Type)))),Cells($select=Value,FormattedValue,FormatString,Status,Updateable,RuleDerived,Annotated,Consolidated)
{}
GET, HTTP 200, https://vottstuartpa.canlab.ibm.com:12354/api/v1/Dimensions('plan_department')/Hierarchies
GET, HTTP 200, https://vottstuartpa.canlab.ibm.com:12354/api/v1/Dimensions('plan_department')/Hierarchies('plan_department')?$select=Subsets,PrivateSubsets&$expand=Subsets($select=Name,UniqueName,Alias),PrivateSubsets($select=Name,UniqueName,Alias)
GET, HTTP 200, https://vottstuartpa.canlab.ibm.com:12354/api/v1/Cubes('%7DElementAttributes_plan_department')
GET, HTTP 200, https://vottstuartpa.canlab.ibm.com:12354/api/v1/Cubes('%7DElementSecurity_plan_department')
GET, HTTP 200, https://vottstuartpa.canlab.ibm.com:12354/api/v1/Cubes('%7DElementAttributes_plan_department')?$select=Views,PrivateViews&$expand=Views($select=Name),PrivateViews($select=Name)
GET, HTTP 200, https://vottstuartpa.canlab.ibm.com:12354/api/v1/Cubes('%7DElementAttributes_plan_department')/Dimensions
GET, HTTP 200, https://vottstuartpa.canlab.ibm.com:12354/api/v1/Cubes('%7DElementAttributes_plan_department')?$select=Rules
GET, HTTP 404, https://vottstuartpa.canlab.ibm.com:12354/api/v1/Cubes('%7DCellSecurity_%7DElementAttributes_plan_department')
GET, HTTP 200, https://vottstuartpa.canlab.ibm.com:12354/api/v1/Cubes('%7DElementSecurity_plan_department')?$select=Views,PrivateViews&$expand=Views($select=Name),PrivateViews($select=Name)
GET, HTTP 200, https://vottstuartpa.canlab.ibm.com:12354/api/v1/Cubes('%7DElementSecurity_plan_department')/Dimensions
GET, HTTP 200, https://vottstuartpa.canlab.ibm.com:12354/api/v1/Cubes('%7DElementSecurity_plan_department')?$select=Rules
GET, HTTP 404, https://vottstuartpa.canlab.ibm.com:12354/api/v1/Cubes('%7DCellSecurity_%7DElementSecurity_plan_department')
GET, HTTP 200, https://vottstuartpa.canlab.ibm.com:12354/api/v1/Threads
GET, HTTP 200, https://vottstuartpa.canlab.ibm.com:12354/api/v1/Threads
GET, HTTP 200, https://vottstuartpa.canlab.ibm.com:12354/api/v1/Threads
GET, HTTP 200, https://vottstuartpa.canlab.ibm.com:12354/api/v1/Threads
GET, HTTP 200, https://vottstuartpa.canlab.ibm.com:12354/api/v1/Threads
GET, HTTP 200, https://vottstuartpa.canlab.ibm.com:12354/api/v1/Threads
GET, HTTP 200, https://vottstuartpa.canlab.ibm.com:12354/api/v1/Threads
GET, HTTP 200, https://vottstuartpa.canlab.ibm.com:12354/api/v1/Threads
GET, HTTP 200, https://vottstuartpa.canlab.ibm.com:12354/api/v1/Threads
GET, HTTP 200, https://vottstuartpa.canlab.ibm.com:12354/api/v1/ActiveSession
POST, HTTP 204, https://vottstuartpa.canlab.ibm.com:12354/api/v1/Sessions(340)/tm1.Close
{}
GET, HTTP 401, https://vottstuartpa.canlab.ibm.com:12354/api/v1/Threads
GET, HTTP 200, https://vottstuartpa.canlab.ibm.com:12354/api/v1/Configuration
GET, HTTP 200, https://vottstuartpa.canlab.ibm.com:12354/api/v1/Contents('Applications')?$expand=tm1.Folder/Contents($expand=tm1.Folder/Contents($expand=tm1.Folder/Contents($expand=tm1.Folder/Contents($expand=tm1.Folder/Contents))))
GET, HTTP 200, https://vottstuartpa.canlab.ibm.com:12354/api/v1/Cubes
GET, HTTP 200, https://vottstuartpa.canlab.ibm.com:12354/api/v1/Dimensions
GET, HTTP 200, https://vottstuartpa.canlab.ibm.com:12354/api/v1/Processes
GET, HTTP 200, https://vottstuartpa.canlab.ibm.com:12354/api/v1/Chores?$select=Name,Active
GET, HTTP 200, https://vottstuartpa.canlab.ibm.com:12354/api/v1/Contents('Blobs')/Contents
GET, HTTP 200, https://vottstuartpa.canlab.ibm.com:12354/api/v1/ActiveSession
POST, HTTP 204, https://vottstuartpa.canlab.ibm.com:12354/api/v1/Sessions(343)/tm1.Close
{}
GET, HTTP 200, https://vottstuartpa.canlab.ibm.com:12354/api/v1/Configuration
GET, HTTP 200, https://vottstuartpa.canlab.ibm.com:12354/api/v1/Contents('Applications')?$expand=tm1.Folder/Contents($expand=tm1.Folder/Contents($expand=tm1.Folder/Contents($expand=tm1.Folder/Contents($expand=tm1.Folder/Contents))))
GET, HTTP 200, https://vottstuartpa.canlab.ibm.com:12354/api/v1/Cubes
GET, HTTP 200, https://vottstuartpa.canlab.ibm.com:12354/api/v1/Dimensions
GET, HTTP 200, https://vottstuartpa.canlab.ibm.com:12354/api/v1/Processes
GET, HTTP 200, https://vottstuartpa.canlab.ibm.com:12354/api/v1/Chores?$select=Name,Active
GET, HTTP 200, https://vottstuartpa.canlab.ibm.com:12354/api/v1/Contents('Blobs')/Contents
GET, HTTP 200, https://vottstuartpa.canlab.ibm.com:12354/api/v1/Configuration
GET, HTTP 200, https://vottstuartpa.canlab.ibm.com:12354/api/v1/Contents('Applications')?$expand=tm1.Folder/Contents($expand=tm1.Folder/Contents($expand=tm1.Folder/Contents($expand=tm1.Folder/Contents($expand=tm1.Folder/Contents))))
GET, HTTP 200, https://vottstuartpa.canlab.ibm.com:12354/api/v1/Cubes
GET, HTTP 200, https://vottstuartpa.canlab.ibm.com:12354/api/v1/Dimensions
GET, HTTP 200, https://vottstuartpa.canlab.ibm.com:12354/api/v1/Processes
GET, HTTP 200, https://vottstuartpa.canlab.ibm.com:12354/api/v1/Chores?$select=Name,Active
GET, HTTP 200, https://vottstuartpa.canlab.ibm.com:12354/api/v1/Contents('Blobs')/Contents
GET, HTTP 200, https://vottstuartpa.canlab.ibm.com:12354/api/v1/ActiveSession
POST, HTTP 204, https://vottstuartpa.canlab.ibm.com:12354/api/v1/Sessions(347)/tm1.Close
{}
